[mohitkumar.dev/index.html]
[backblue.gif]
[fade.gif]
[index.html]
[gistcdn.githack.com/mfd/09b70eb47474836f25a21660282ce0fd/raw/e06a670afcb2b861ed2ac4a1ef752d062ef6b46b/Gilroy.css]
[mohitkumar.dev/Images/HeavenlyBodies/Planets.webp]
[mohitkumar.dev/Images/Cinephiled/Cinephiled_Banner.webp]
[mohitkumar.dev/Images/BMW/BMW_Banner.webp]
[mohitkumar.dev/apple-touch-icon.png]
[mohitkumar.dev/favicon-32x32.png]
[mohitkumar.dev/favicon-16x16.png]
[mohitkumar.dev/site.webmanifest]
[mohitkumar.dev/_next/static/chunks/polyfills-c67a75d1b6f99dc8.js]
[mohitkumar.dev/_next/static/chunks/webpack-14a891bf35ecde1d.js]
[mohitkumar.dev/_next/static/chunks/framework-5f4595e5518b5600.js]
[mohitkumar.dev/_next/static/chunks/main-6d0768e624ec846b.js]
[mohitkumar.dev/_next/static/chunks/pages/_app-9f07e755d826634c.js]
[mohitkumar.dev/_next/static/chunks/pages/index-a66431a9bdcc402f.js]
[mohitkumar.dev/_next/static/LdWwJZy0C5TFvLc_6y2QH/_buildManifest.js]
[mohitkumar.dev/_next/static/LdWwJZy0C5TFvLc_6y2QH/_ssgManifest.js]
[mohitkumar.dev/index.html]
[gistcdn.githack.com/mfd/09b70eb47474836f25a21660282ce0fd/raw/e06a670afcb2b861ed2ac4a1ef752d062ef6b46b/Gilroy-Extrabold.eot]
[gistcdn.githack.com/mfd/09b70eb47474836f25a21660282ce0fd/raw/e06a670afcb2b861ed2ac4a1ef752d062ef6b46b/Gilroy-Extraboldd41d.eot]
[gistcdn.githack.com/mfd/09b70eb47474836f25a21660282ce0fd/raw/e06a670afcb2b861ed2ac4a1ef752d062ef6b46b/Gilroy-Extrabold.woff]
[gistcdn.githack.com/mfd/09b70eb47474836f25a21660282ce0fd/raw/e06a670afcb2b861ed2ac4a1ef752d062ef6b46b/Gilroy-Extrabold.ttf]
[gistcdn.githack.com/mfd/09b70eb47474836f25a21660282ce0fd/raw/e06a670afcb2b861ed2ac4a1ef752d062ef6b46b/Gilroy-UltraLightItalic.eot]
[gistcdn.githack.com/mfd/09b70eb47474836f25a21660282ce0fd/raw/e06a670afcb2b861ed2ac4a1ef752d062ef6b46b/Gilroy-UltraLightItalicd41d.eot]
[gistcdn.githack.com/mfd/09b70eb47474836f25a21660282ce0fd/raw/e06a670afcb2b861ed2ac4a1ef752d062ef6b46b/Gilroy-UltraLightItalic.woff]
[gistcdn.githack.com/mfd/09b70eb47474836f25a21660282ce0fd/raw/e06a670afcb2b861ed2ac4a1ef752d062ef6b46b/Gilroy-UltraLightItalic.ttf]
[gistcdn.githack.com/mfd/09b70eb47474836f25a21660282ce0fd/raw/e06a670afcb2b861ed2ac4a1ef752d062ef6b46b/Gilroy-BoldItalic.eot]
[gistcdn.githack.com/mfd/09b70eb47474836f25a21660282ce0fd/raw/e06a670afcb2b861ed2ac4a1ef752d062ef6b46b/Gilroy-BoldItalicd41d.eot]
[gistcdn.githack.com/mfd/09b70eb47474836f25a21660282ce0fd/raw/e06a670afcb2b861ed2ac4a1ef752d062ef6b46b/Gilroy-BoldItalic.woff]
[gistcdn.githack.com/mfd/09b70eb47474836f25a21660282ce0fd/raw/e06a670afcb2b861ed2ac4a1ef752d062ef6b46b/Gilroy-BoldItalic.ttf]
[gistcdn.githack.com/mfd/09b70eb47474836f25a21660282ce0fd/raw/e06a670afcb2b861ed2ac4a1ef752d062ef6b46b/Gilroy-Semibold.eot]
[gistcdn.githack.com/mfd/09b70eb47474836f25a21660282ce0fd/raw/e06a670afcb2b861ed2ac4a1ef752d062ef6b46b/Gilroy-Semiboldd41d.eot]
[gistcdn.githack.com/mfd/09b70eb47474836f25a21660282ce0fd/raw/e06a670afcb2b861ed2ac4a1ef752d062ef6b46b/Gilroy-Semibold.woff]
[gistcdn.githack.com/mfd/09b70eb47474836f25a21660282ce0fd/raw/e06a670afcb2b861ed2ac4a1ef752d062ef6b46b/Gilroy-Semibold.ttf]
[gistcdn.githack.com/mfd/09b70eb47474836f25a21660282ce0fd/raw/e06a670afcb2b861ed2ac4a1ef752d062ef6b46b/Gilroy-BlackItalic.eot]
[gistcdn.githack.com/mfd/09b70eb47474836f25a21660282ce0fd/raw/e06a670afcb2b861ed2ac4a1ef752d062ef6b46b/Gilroy-BlackItalicd41d.eot]
[gistcdn.githack.com/mfd/09b70eb47474836f25a21660282ce0fd/raw/e06a670afcb2b861ed2ac4a1ef752d062ef6b46b/Gilroy-BlackItalic.woff]
[gistcdn.githack.com/mfd/09b70eb47474836f25a21660282ce0fd/raw/e06a670afcb2b861ed2ac4a1ef752d062ef6b46b/Gilroy-BlackItalic.ttf]
[gistcdn.githack.com/mfd/09b70eb47474836f25a21660282ce0fd/raw/e06a670afcb2b861ed2ac4a1ef752d062ef6b46b/Gilroy-ThinItalic.eot]
[gistcdn.githack.com/mfd/09b70eb47474836f25a21660282ce0fd/raw/e06a670afcb2b861ed2ac4a1ef752d062ef6b46b/Gilroy-ThinItalicd41d.eot]
[gistcdn.githack.com/mfd/09b70eb47474836f25a21660282ce0fd/raw/e06a670afcb2b861ed2ac4a1ef752d062ef6b46b/Gilroy-ThinItalic.woff]
[gistcdn.githack.com/mfd/09b70eb47474836f25a21660282ce0fd/raw/e06a670afcb2b861ed2ac4a1ef752d062ef6b46b/Gilroy-ThinItalic.ttf]
[gistcdn.githack.com/mfd/09b70eb47474836f25a21660282ce0fd/raw/e06a670afcb2b861ed2ac4a1ef752d062ef6b46b/Gilroy-ExtraboldItalic.eot]
[gistcdn.githack.com/mfd/09b70eb47474836f25a21660282ce0fd/raw/e06a670afcb2b861ed2ac4a1ef752d062ef6b46b/Gilroy-ExtraboldItalicd41d.eot]
[gistcdn.githack.com/mfd/09b70eb47474836f25a21660282ce0fd/raw/e06a670afcb2b861ed2ac4a1ef752d062ef6b46b/Gilroy-ExtraboldItalic.woff]
[gistcdn.githack.com/mfd/09b70eb47474836f25a21660282ce0fd/raw/e06a670afcb2b861ed2ac4a1ef752d062ef6b46b/Gilroy-ExtraboldItalic.ttf]
[gistcdn.githack.com/mfd/09b70eb47474836f25a21660282ce0fd/raw/e06a670afcb2b861ed2ac4a1ef752d062ef6b46b/Gilroy-Black.eot]
[gistcdn.githack.com/mfd/09b70eb47474836f25a21660282ce0fd/raw/e06a670afcb2b861ed2ac4a1ef752d062ef6b46b/Gilroy-Blackd41d.eot]
[gistcdn.githack.com/mfd/09b70eb47474836f25a21660282ce0fd/raw/e06a670afcb2b861ed2ac4a1ef752d062ef6b46b/Gilroy-Black.woff]
[gistcdn.githack.com/mfd/09b70eb47474836f25a21660282ce0fd/raw/e06a670afcb2b861ed2ac4a1ef752d062ef6b46b/Gilroy-Black.ttf]
[gistcdn.githack.com/mfd/09b70eb47474836f25a21660282ce0fd/raw/e06a670afcb2b861ed2ac4a1ef752d062ef6b46b/Gilroy-HeavyItalic.eot]
[gistcdn.githack.com/mfd/09b70eb47474836f25a21660282ce0fd/raw/e06a670afcb2b861ed2ac4a1ef752d062ef6b46b/Gilroy-HeavyItalicd41d.eot]
[gistcdn.githack.com/mfd/09b70eb47474836f25a21660282ce0fd/raw/e06a670afcb2b861ed2ac4a1ef752d062ef6b46b/Gilroy-HeavyItalic.woff]
[gistcdn.githack.com/mfd/09b70eb47474836f25a21660282ce0fd/raw/e06a670afcb2b861ed2ac4a1ef752d062ef6b46b/Gilroy-HeavyItalic.ttf]
[gistcdn.githack.com/mfd/09b70eb47474836f25a21660282ce0fd/raw/e06a670afcb2b861ed2ac4a1ef752d062ef6b46b/Gilroy-Regular.eot]
[gistcdn.githack.com/mfd/09b70eb47474836f25a21660282ce0fd/raw/e06a670afcb2b861ed2ac4a1ef752d062ef6b46b/Gilroy-Regulard41d.eot]
[gistcdn.githack.com/mfd/09b70eb47474836f25a21660282ce0fd/raw/e06a670afcb2b861ed2ac4a1ef752d062ef6b46b/Gilroy-Regular.woff]
[gistcdn.githack.com/mfd/09b70eb47474836f25a21660282ce0fd/raw/e06a670afcb2b861ed2ac4a1ef752d062ef6b46b/Gilroy-Regular.ttf]
[gistcdn.githack.com/mfd/09b70eb47474836f25a21660282ce0fd/raw/e06a670afcb2b861ed2ac4a1ef752d062ef6b46b/Gilroy-SemiboldItalic.eot]
[gistcdn.githack.com/mfd/09b70eb47474836f25a21660282ce0fd/raw/e06a670afcb2b861ed2ac4a1ef752d062ef6b46b/Gilroy-SemiboldItalicd41d.eot]
[gistcdn.githack.com/mfd/09b70eb47474836f25a21660282ce0fd/raw/e06a670afcb2b861ed2ac4a1ef752d062ef6b46b/Gilroy-SemiboldItalic.woff]
[gistcdn.githack.com/mfd/09b70eb47474836f25a21660282ce0fd/raw/e06a670afcb2b861ed2ac4a1ef752d062ef6b46b/Gilroy-SemiboldItalic.ttf]
[gistcdn.githack.com/mfd/09b70eb47474836f25a21660282ce0fd/raw/e06a670afcb2b861ed2ac4a1ef752d062ef6b46b/Gilroy-Medium.eot]
[gistcdn.githack.com/mfd/09b70eb47474836f25a21660282ce0fd/raw/e06a670afcb2b861ed2ac4a1ef752d062ef6b46b/Gilroy-Mediumd41d.eot]
[gistcdn.githack.com/mfd/09b70eb47474836f25a21660282ce0fd/raw/e06a670afcb2b861ed2ac4a1ef752d062ef6b46b/Gilroy-Medium.woff]
[gistcdn.githack.com/mfd/09b70eb47474836f25a21660282ce0fd/raw/e06a670afcb2b861ed2ac4a1ef752d062ef6b46b/Gilroy-Medium.ttf]
[gistcdn.githack.com/mfd/09b70eb47474836f25a21660282ce0fd/raw/e06a670afcb2b861ed2ac4a1ef752d062ef6b46b/Gilroy-Bold.eot]
[gistcdn.githack.com/mfd/09b70eb47474836f25a21660282ce0fd/raw/e06a670afcb2b861ed2ac4a1ef752d062ef6b46b/Gilroy-Boldd41d.eot]
[gistcdn.githack.com/mfd/09b70eb47474836f25a21660282ce0fd/raw/e06a670afcb2b861ed2ac4a1ef752d062ef6b46b/Gilroy-Bold.woff]
[gistcdn.githack.com/mfd/09b70eb47474836f25a21660282ce0fd/raw/e06a670afcb2b861ed2ac4a1ef752d062ef6b46b/Gilroy-Bold.ttf]
[gistcdn.githack.com/mfd/09b70eb47474836f25a21660282ce0fd/raw/e06a670afcb2b861ed2ac4a1ef752d062ef6b46b/Gilroy-RegularItalic.eot]
[gistcdn.githack.com/mfd/09b70eb47474836f25a21660282ce0fd/raw/e06a670afcb2b861ed2ac4a1ef752d062ef6b46b/Gilroy-RegularItalicd41d.eot]
[gistcdn.githack.com/mfd/09b70eb47474836f25a21660282ce0fd/raw/e06a670afcb2b861ed2ac4a1ef752d062ef6b46b/Gilroy-RegularItalic.woff]
[gistcdn.githack.com/mfd/09b70eb47474836f25a21660282ce0fd/raw/e06a670afcb2b861ed2ac4a1ef752d062ef6b46b/Gilroy-RegularItalic.ttf]
[gistcdn.githack.com/mfd/09b70eb47474836f25a21660282ce0fd/raw/e06a670afcb2b861ed2ac4a1ef752d062ef6b46b/Gilroy-Light.eot]
[gistcdn.githack.com/mfd/09b70eb47474836f25a21660282ce0fd/raw/e06a670afcb2b861ed2ac4a1ef752d062ef6b46b/Gilroy-Lightd41d.eot]
[gistcdn.githack.com/mfd/09b70eb47474836f25a21660282ce0fd/raw/e06a670afcb2b861ed2ac4a1ef752d062ef6b46b/Gilroy-Light.woff]
[gistcdn.githack.com/mfd/09b70eb47474836f25a21660282ce0fd/raw/e06a670afcb2b861ed2ac4a1ef752d062ef6b46b/Gilroy-Light.ttf]
[gistcdn.githack.com/mfd/09b70eb47474836f25a21660282ce0fd/raw/e06a670afcb2b861ed2ac4a1ef752d062ef6b46b/Gilroy-LightItalic.eot]
[gistcdn.githack.com/mfd/09b70eb47474836f25a21660282ce0fd/raw/e06a670afcb2b861ed2ac4a1ef752d062ef6b46b/Gilroy-LightItalicd41d.eot]
[gistcdn.githack.com/mfd/09b70eb47474836f25a21660282ce0fd/raw/e06a670afcb2b861ed2ac4a1ef752d062ef6b46b/Gilroy-LightItalic.woff]
[gistcdn.githack.com/mfd/09b70eb47474836f25a21660282ce0fd/raw/e06a670afcb2b861ed2ac4a1ef752d062ef6b46b/Gilroy-LightItalic.ttf]
[gistcdn.githack.com/mfd/09b70eb47474836f25a21660282ce0fd/raw/e06a670afcb2b861ed2ac4a1ef752d062ef6b46b/Gilroy-Heavy.eot]
[gistcdn.githack.com/mfd/09b70eb47474836f25a21660282ce0fd/raw/e06a670afcb2b861ed2ac4a1ef752d062ef6b46b/Gilroy-Heavyd41d.eot]
[gistcdn.githack.com/mfd/09b70eb47474836f25a21660282ce0fd/raw/e06a670afcb2b861ed2ac4a1ef752d062ef6b46b/Gilroy-Heavy.woff]
[gistcdn.githack.com/mfd/09b70eb47474836f25a21660282ce0fd/raw/e06a670afcb2b861ed2ac4a1ef752d062ef6b46b/Gilroy-Heavy.ttf]
[gistcdn.githack.com/mfd/09b70eb47474836f25a21660282ce0fd/raw/e06a670afcb2b861ed2ac4a1ef752d062ef6b46b/Gilroy-MediumItalic.eot]
[gistcdn.githack.com/mfd/09b70eb47474836f25a21660282ce0fd/raw/e06a670afcb2b861ed2ac4a1ef752d062ef6b46b/Gilroy-MediumItalicd41d.eot]
[gistcdn.githack.com/mfd/09b70eb47474836f25a21660282ce0fd/raw/e06a670afcb2b861ed2ac4a1ef752d062ef6b46b/Gilroy-MediumItalic.woff]
[gistcdn.githack.com/mfd/09b70eb47474836f25a21660282ce0fd/raw/e06a670afcb2b861ed2ac4a1ef752d062ef6b46b/Gilroy-MediumItalic.ttf]
[gistcdn.githack.com/mfd/09b70eb47474836f25a21660282ce0fd/raw/e06a670afcb2b861ed2ac4a1ef752d062ef6b46b/Gilroy-Thin.eot]
[gistcdn.githack.com/mfd/09b70eb47474836f25a21660282ce0fd/raw/e06a670afcb2b861ed2ac4a1ef752d062ef6b46b/Gilroy-Thind41d.eot]
[gistcdn.githack.com/mfd/09b70eb47474836f25a21660282ce0fd/raw/e06a670afcb2b861ed2ac4a1ef752d062ef6b46b/Gilroy-Thin.woff]
[gistcdn.githack.com/mfd/09b70eb47474836f25a21660282ce0fd/raw/e06a670afcb2b861ed2ac4a1ef752d062ef6b46b/Gilroy-Thin.ttf]
[gistcdn.githack.com/mfd/09b70eb47474836f25a21660282ce0fd/raw/e06a670afcb2b861ed2ac4a1ef752d062ef6b46b/Gilroy.css]
